============================= test session starts ==============================
platform linux -- Python 3.12.14, pytest-8.4.2, pluggy-1.6.0
rootdir: /home/runner/work/fantonghui/fantonghui/candidate
configfile: pyproject.toml
testpaths: tests
collected 544 items

tests/architecture/test_boundaries.py ......                             [  1%]
tests/architecture/test_scanner_regression.py ............               [  3%]
tests/architecture/test_worker_static_policy.py ..                       [  3%]
tests/integration/test_m0_gate_fixtures.py ....                          [  4%]
tests/unit/contracts/test_m0_schema_snapshot.py ..                       [  4%]
tests/unit/test_active_system_contracts.py ..................            [  8%]
tests/unit/test_claim.py .................                               [ 11%]
tests/unit/test_contracts.py .....                                       [ 12%]
tests/unit/test_dependency.py ..............                             [ 14%]
tests/unit/test_dimension_lifecycle.py .                                 [ 14%]
tests/unit/test_dimension_membership_persistence.py .                    [ 15%]
tests/unit/test_dimensions.py .............                              [ 17%]
tests/unit/test_entity_relation.py ...................                   [ 20%]
tests/unit/test_errors.py .......................................        [ 28%]
tests/unit/test_event_anchor.py ...............                          [ 30%]
tests/unit/test_event_anchor_legacy_evidence_ref.py .                    [ 31%]
tests/unit/test_evidence_set.py .......................                  [ 35%]
tests/unit/test_goal.py ............                                     [ 37%]
tests/unit/test_goal_reviewability.py .                                  [ 37%]
tests/unit/test_history_m020.py ...........                              [ 39%]
tests/unit/test_ids.py ...............................                   [ 45%]
tests/unit/test_integrator_dirty_operation_normalization.py ....         [ 46%]
tests/unit/test_integrator_legacy_replay_identity.py ....                [ 46%]
tests/unit/test_integrator_protocol_boundary_extended.py ..............  [ 49%]
tests/unit/test_integrator_redteam_x2_x4.py .............                [ 51%]
tests/unit/test_integrator_redteam_x5_x7.py .................            [ 54%]
tests/unit/test_integrator_typedref_replay_identity.py ......            [ 56%]
tests/unit/test_m0_b10_b11_repair_edges.py ........................      [ 60%]
tests/unit/test_m0_gate_blockers.py .......                              [ 61%]
tests/unit/test_m0_gate_fifth_followup.py .............                  [ 64%]
tests/unit/test_m0_gate_followup.py .....                                [ 65%]
tests/unit/test_m0_gate_fourth_followup.py ..                            [ 65%]
tests/unit/test_m0_gate_sixth_followup.py .............................  [ 70%]
tests/unit/test_m0_gate_third_followup.py .............                  [ 73%]
tests/unit/test_observation.py .............                             [ 75%]
tests/unit/test_operations.py ............                               [ 77%]
tests/unit/test_reference_validation_m019.py ........                    [ 79%]
tests/unit/test_refs.py ..................                               [ 82%]
tests/unit/test_sqlite_schema.py ............                            [ 84%]
tests/unit/test_state_machines.py ....                                   [ 85%]
tests/unit/test_state_machines_m021.py ........                          [ 86%]
tests/unit/test_store.py ......                                          [ 88%]
tests/unit/test_time.py ...........................................      [ 95%]
tests/unit/test_world_object_revision.py .................               [ 99%]
tests/unit/test_world_revision_atomicity.py .....                        [100%]

============================= 544 passed in 12.82s =============================
